Using pre-set license

 COMMAND LINE ARGUMENTS:
/Applications/Unity/Hub/Editor/2020.3.11f1/Unity.app/Contents/MacOS/Unity
-adb2
-batchMode
-noUpm
-name
AssetImportWorker0
-projectPath
/Users/masayafurukawa/Desktop/Unity/BallProject
-logFile
Logs/AssetImportWorker0.log
-srvPort
49533
Successfully changed project path to: /Users/masayafurukawa/Desktop/Unity/BallProject
/Users/masayafurukawa/Desktop/Unity/BallProject
Using Asset Import Pipeline V2.
Refreshing native plugins compatible for Editor in 64.76 ms, found 2 plugins.
Preloading 0 native plugins for Editor in 0.00 ms.
Initialize engine version: 2020.3.11f1 (99c7afb366b3)
[Subsystems] Discovering subsystems at path /Applications/Unity/Hub/Editor/2020.3.11f1/Unity.app/Contents/Resources/UnitySubsystems
[Subsystems] Discovering subsystems at path /Users/masayafurukawa/Desktop/Unity/BallProject/Assets
GfxDevice: creating device client; threaded=0
2021-06-22 21:56:16.297 Unity[5436:19920] Color LCD preferred device: Intel(R) Iris(TM) Plus Graphics (low power)
2021-06-22 21:56:16.297 Unity[5436:19920] Metal devices available: 1
2021-06-22 21:56:16.297 Unity[5436:19920] 0: Intel(R) Iris(TM) Plus Graphics (low power)
2021-06-22 21:56:16.298 Unity[5436:19920] Using device Intel(R) Iris(TM) Plus Graphics (low power)
Initializing Metal device caps: Intel(R) Iris(TM) Plus Graphics
Initialize mono
Mono path[0] = '/Applications/Unity/Hub/Editor/2020.3.11f1/Unity.app/Contents/Managed'
Mono path[1] = '/Applications/Unity/Hub/Editor/2020.3.11f1/Unity.app/Contents/MonoBleedingEdge/lib/mono/unityjit'
Mono config path = '/Applications/Unity/Hub/Editor/2020.3.11f1/Unity.app/Contents/MonoBleedingEdge/etc'
Using monoOptions --debugger-agent=transport=dt_socket,embedding=1,server=y,suspend=n,address=127.0.0.1:56436
Begin MonoManager ReloadAssembly
Registering precompiled unity dll's ...
Register platform support module: /Applications/Unity/Hub/Editor/2020.3.11f1/PlaybackEngines/WebGLSupport/UnityEditor.WebGL.Extensions.dll
Register platform support module: /Applications/Unity/Hub/Editor/2020.3.11f1/Unity.app/Contents/PlaybackEngines/MacStandaloneSupport/UnityEditor.OSXStandalone.Extensions.dll
Registered in 0.000838 seconds.
Native extension for OSXStandalone target not found
Native extension for WebGL target not found
Refreshing native plugins compatible for Editor in 27.04 ms, found 2 plugins.
Preloading 0 native plugins for Editor in 0.00 ms.
Mono: successfully reloaded assembly
- Completed reload, in  1.744 seconds
Platform modules already initialized, skipping
Registering precompiled user dll's ...
Registered in 0.001717 seconds.
Begin MonoManager ReloadAssembly
Native extension for OSXStandalone target not found
Native extension for WebGL target not found
Refreshing native plugins compatible for Editor in 0.58 ms, found 2 plugins.
Preloading 0 native plugins for Editor in 0.00 ms.
Mono: successfully reloaded assembly
- Completed reload, in  1.280 seconds
Platform modules already initialized, skipping
========================================================================
Worker process is ready to serve import requests
Launching external process: /Applications/Unity/Hub/Editor/2020.3.11f1/Unity.app/Contents/Tools/UnityShaderCompiler
Launched and connected shader compiler UnityShaderCompiler after 0.01 seconds
Refreshing native plugins compatible for Editor in 0.31 ms, found 2 plugins.
Preloading 0 native plugins for Editor in 0.00 ms.
Unloading 1389 Unused Serialized files (Serialized files now loaded: 0)
System memory in use before: 132.6 MB.
System memory in use after: 132.6 MB.

Unloading 19 unused Assets to reduce memory usage. Loaded Objects now: 1822.
Total: 1.828667 ms (FindLiveObjects: 0.159759 ms CreateObjectMapping: 0.040460 ms MarkObjects: 1.532064 ms  DeleteObjects: 0.095436 ms)

========================================================================
Received Import Request.
  path: Assets/ScriptsFolder/BallScript.cs
  artifactKey: Guid(5035b47e3a5794053b0c7431d9d42845) Importer(815301076,1909f56bfc062723c751e8b465ee728b)
Start importing Assets/ScriptsFolder/BallScript.cs using Guid(5035b47e3a5794053b0c7431d9d42845) Importer(815301076,1909f56bfc062723c751e8b465ee728b)  -> (artifact id: 'e66a43c834796f2858124140709c8255') in 0.415907 seconds
  Import took 0.418128 seconds .

========================================================================
Received Import Request.
  Time since last request: 11.583821 seconds.
  path: Assets/ScriptsFolder/BallScript.cs
  artifactKey: Guid(5035b47e3a5794053b0c7431d9d42845) Importer(815301076,1909f56bfc062723c751e8b465ee728b)
Start importing Assets/ScriptsFolder/BallScript.cs using Guid(5035b47e3a5794053b0c7431d9d42845) Importer(815301076,1909f56bfc062723c751e8b465ee728b)  -> (artifact id: 'f65d96d7163d20788050bc1d24e3bead') in 0.004317 seconds
  Import took 0.009434 seconds .

========================================================================
Received Prepare
Registering precompiled user dll's ...
Registered in 0.002160 seconds.
Begin MonoManager ReloadAssembly
Native extension for OSXStandalone target not found
Native extension for WebGL target not found
Refreshing native plugins compatible for Editor in 0.30 ms, found 2 plugins.
Preloading 0 native plugins for Editor in 0.00 ms.
Mono: successfully reloaded assembly
- Completed reload, in  1.294 seconds
Platform modules already initialized, skipping
Refreshing native plugins compatible for Editor in 0.49 ms, found 2 plugins.
Preloading 0 native plugins for Editor in 0.00 ms.
Unloading 1384 Unused Serialized files (Serialized files now loaded: 0)
System memory in use before: 137.1 MB.
System memory in use after: 137.2 MB.

Unloading 14 unused Assets to reduce memory usage. Loaded Objects now: 1825.
Total: 1.987639 ms (FindLiveObjects: 0.140968 ms CreateObjectMapping: 0.049450 ms MarkObjects: 1.719268 ms  DeleteObjects: 0.076563 ms)

========================================================================
Received Prepare
Registering precompiled user dll's ...
Registered in 0.003034 seconds.
Begin MonoManager ReloadAssembly
Native extension for OSXStandalone target not found
Native extension for WebGL target not found
Refreshing native plugins compatible for Editor in 0.51 ms, found 2 plugins.
Preloading 0 native plugins for Editor in 0.00 ms.
Mono: successfully reloaded assembly
- Completed reload, in  2.483 seconds
Platform modules already initialized, skipping
Refreshing native plugins compatible for Editor in 0.50 ms, found 2 plugins.
Preloading 0 native plugins for Editor in 0.00 ms.
Unloading 1384 Unused Serialized files (Serialized files now loaded: 0)
System memory in use before: 137.2 MB.
System memory in use after: 137.3 MB.

Unloading 14 unused Assets to reduce memory usage. Loaded Objects now: 1828.
Total: 6.017858 ms (FindLiveObjects: 0.410070 ms CreateObjectMapping: 0.153223 ms MarkObjects: 5.068068 ms  DeleteObjects: 0.381212 ms)

